[2018-08-05 11:23:06] Текст ошибки: Страница не найдена | Файл: W:\domains\b-shop\vendor\bshop\core\Router.php | Строка: 28
 -------------------
[2018-08-05 11:23:06] Текст ошибки: Страница не найдена | Файл: W:\domains\b-shop\vendor\bshop\core\Router.php | Строка: 28
 -------------------
[2018-08-05 11:23:34] Текст ошибки: Страница не найдена | Файл: W:\domains\b-shop\vendor\bshop\core\Router.php | Строка: 28
 -------------------
[2018-08-05 11:23:34] Текст ошибки: Страница не найдена | Файл: W:\domains\b-shop\vendor\bshop\core\Router.php | Строка: 28
 -------------------
[2018-08-05 11:23:35] Текст ошибки: Страница не найдена | Файл: W:\domains\b-shop\vendor\bshop\core\Router.php | Строка: 28
 -------------------
[2018-08-05 11:29:50] Текст ошибки: Страница не найдена | Файл: W:\domains\b-shop\vendor\bshop\core\Router.php | Строка: 28
 -------------------
[2018-08-05 12:15:47] Текст ошибки: Контроллер app\controllers\PageController не найден | Файл: W:\domains\b-shop\vendor\bshop\core\Router.php | Строка: 30
 -------------------
[2018-08-05 12:17:52] Текст ошибки: Контроллер app\controllers\PageController не найден | Файл: W:\domains\b-shop\vendor\bshop\core\Router.php | Строка: 30
 -------------------
[2018-08-05 12:17:53] Текст ошибки: Контроллер app\controllers\PageController не найден | Файл: W:\domains\b-shop\vendor\bshop\core\Router.php | Строка: 30
 -------------------
[2018-08-05 12:19:22] Текст ошибки: Контроллер app\controllers\PageController не найден | Файл: W:\domains\b-shop\vendor\bshop\core\Router.php | Строка: 30
 -------------------
[2018-08-05 12:19:22] Текст ошибки: Контроллер app\controllers\PageController не найден | Файл: W:\domains\b-shop\vendor\bshop\core\Router.php | Строка: 30
 -------------------
[2018-08-05 12:19:30] Текст ошибки: Контроллер app\controllers\MainController не найден | Файл: W:\domains\b-shop\vendor\bshop\core\Router.php | Строка: 30
 -------------------
[2018-08-05 12:25:52] Текст ошибки: Контроллер app\controllers\MainController не найден | Файл: W:\domains\b-shop\vendor\bshop\core\Router.php | Строка: 36
 -------------------
[2018-08-05 12:27:15] Текст ошибки: Контроллер app\controllers\MainController не найден | Файл: W:\domains\b-shop\vendor\bshop\core\Router.php | Строка: 36
 -------------------
[2018-08-05 12:28:21] Текст ошибки: Контроллер app\controllers\MainController не найден | Файл: W:\domains\b-shop\vendor\bshop\core\Router.php | Строка: 36
 -------------------
[2018-08-05 12:28:22] Текст ошибки: Контроллер app\controllers\MainController не найден | Файл: W:\domains\b-shop\vendor\bshop\core\Router.php | Строка: 36
 -------------------
[2018-08-05 12:28:22] Текст ошибки: Контроллер app\controllers\MainController не найден | Файл: W:\domains\b-shop\vendor\bshop\core\Router.php | Строка: 36
 -------------------
[2018-08-05 12:48:36] Текст ошибки: Страница не найдена | Файл: W:\domains\b-shop\vendor\bshop\core\Router.php | Строка: 39
 -------------------
[2018-08-05 12:50:58] Текст ошибки: Страница не найдена | Файл: W:\domains\b-shop\vendor\bshop\core\Router.php | Строка: 39
 -------------------
[2018-08-05 12:50:58] Текст ошибки: Страница не найдена | Файл: W:\domains\b-shop\vendor\bshop\core\Router.php | Строка: 39
 -------------------
[2018-08-05 12:50:59] Текст ошибки: Страница не найдена | Файл: W:\domains\b-shop\vendor\bshop\core\Router.php | Строка: 39
 -------------------
[2018-08-05 17:54:07] Текст ошибки: Страница не найдена | Файл: W:\domains\b-shop\vendor\bshop\core\Router.php | Строка: 39
 -------------------
[2018-08-05 17:57:26] Текст ошибки: Страница не найдена | Файл: W:\domains\b-shop\vendor\bshop\core\Router.php | Строка: 39
 -------------------
[2018-08-05 17:57:40] Текст ошибки: Страница не найдена | Файл: W:\domains\b-shop\vendor\bshop\core\Router.php | Строка: 39
 -------------------
[2018-08-05 17:58:11] Текст ошибки: Страница не найдена | Файл: W:\domains\b-shop\vendor\bshop\core\Router.php | Строка: 39
 -------------------
[2018-08-05 17:58:39] Текст ошибки: Страница не найдена | Файл: W:\domains\b-shop\vendor\bshop\core\Router.php | Строка: 39
 -------------------
[2018-08-05 18:28:03] Текст ошибки: Страница не найдена | Файл: W:\domains\b-shop\vendor\bshop\core\Router.php | Строка: 40
 -------------------
[2018-08-05 18:29:26] Текст ошибки: Страница не найдена | Файл: W:\domains\b-shop\vendor\bshop\core\Router.php | Строка: 40
 -------------------
[2018-08-05 18:29:42] Текст ошибки: Страница не найдена | Файл: W:\domains\b-shop\vendor\bshop\core\Router.php | Строка: 40
 -------------------
[2018-08-05 18:32:00] Текст ошибки: Страница не найдена | Файл: W:\domains\b-shop\vendor\bshop\core\Router.php | Строка: 40
 -------------------
[2018-08-05 18:35:12] Текст ошибки: Страница не найдена | Файл: W:\domains\b-shop\vendor\bshop\core\Router.php | Строка: 40
 -------------------
[2018-08-05 18:37:25] Текст ошибки: Страница не найдена | Файл: W:\domains\b-shop\vendor\bshop\core\Router.php | Строка: 40
 -------------------
[2018-08-05 18:41:32] Текст ошибки: Страница не найдена | Файл: W:\domains\b-shop\vendor\bshop\core\Router.php | Строка: 40
 -------------------
[2018-08-05 18:46:48] Текст ошибки: Страница не найдена | Файл: W:\domains\b-shop\vendor\bshop\core\Router.php | Строка: 40
 -------------------
[2018-08-05 18:46:49] Текст ошибки: Страница не найдена | Файл: W:\domains\b-shop\vendor\bshop\core\Router.php | Строка: 40
 -------------------
[2018-08-05 18:46:50] Текст ошибки: Страница не найдена | Файл: W:\domains\b-shop\vendor\bshop\core\Router.php | Строка: 40
 -------------------
[2018-08-05 18:47:35] Текст ошибки: Страница не найдена | Файл: W:\domains\b-shop\vendor\bshop\core\Router.php | Строка: 40
 -------------------
[2018-08-05 18:49:32] Текст ошибки: Страница не найдена | Файл: W:\domains\b-shop\vendor\bshop\core\Router.php | Строка: 40
 -------------------
[2018-08-05 19:05:00] Текст ошибки: Страница не найдена | Файл: W:\domains\b-shop\vendor\bshop\core\Router.php | Строка: 40
 -------------------
[2018-08-05 19:22:11] Текст ошибки: Страница не найдена | Файл: W:\domains\b-shop\vendor\bshop\core\Router.php | Строка: 40
 -------------------
[2018-08-05 19:22:19] Текст ошибки: Страница не найдена | Файл: W:\domains\b-shop\vendor\bshop\core\Router.php | Строка: 40
 -------------------
[2018-08-05 19:25:28] Текст ошибки: Страница не найдена | Файл: W:\domains\b-shop\vendor\bshop\core\Router.php | Строка: 40
 -------------------
[2018-08-05 19:27:50] Текст ошибки: Страница не найдена | Файл: W:\domains\b-shop\vendor\bshop\core\Router.php | Строка: 40
 -------------------
[2018-08-05 19:29:16] Текст ошибки: Страница не найдена | Файл: W:\domains\b-shop\vendor\bshop\core\Router.php | Строка: 40
 -------------------
[2018-08-05 19:30:52] Текст ошибки: Страница не найдена | Файл: W:\domains\b-shop\vendor\bshop\core\Router.php | Строка: 40
 -------------------
[2018-08-05 19:35:22] Текст ошибки: Страница не найдена | Файл: W:\domains\b-shop\vendor\bshop\core\Router.php | Строка: 40
 -------------------
[2018-08-05 19:55:20] Текст ошибки: Страница не найдена | Файл: W:\domains\b-shop\vendor\bshop\core\Router.php | Строка: 41
 -------------------
[2018-08-05 19:55:44] Текст ошибки: Страница не найдена | Файл: W:\domains\b-shop\vendor\bshop\core\Router.php | Строка: 41
 -------------------
[2018-08-05 19:56:14] Текст ошибки: Страница не найдена | Файл: W:\domains\b-shop\vendor\bshop\core\Router.php | Строка: 41
 -------------------
[2018-08-05 19:57:07] Текст ошибки: Страница не найдена | Файл: W:\domains\b-shop\vendor\bshop\core\Router.php | Строка: 41
 -------------------
[2018-08-05 19:57:08] Текст ошибки: Страница не найдена | Файл: W:\domains\b-shop\vendor\bshop\core\Router.php | Строка: 41
 -------------------
[2018-08-05 19:57:09] Текст ошибки: Страница не найдена | Файл: W:\domains\b-shop\vendor\bshop\core\Router.php | Строка: 41
 -------------------
[2018-08-05 19:57:24] Текст ошибки: Не найден вид W:\domains\b-shop/app/views/Page/view.php | Файл: W:\domains\b-shop\vendor\bshop\core\base\View.php | Строка: 39
 -------------------
[2018-08-05 19:57:24] Текст ошибки: Страница не найдена | Файл: W:\domains\b-shop\vendor\bshop\core\Router.php | Строка: 41
 -------------------
[2018-08-05 19:59:39] Текст ошибки: Не найден вид W:\domains\b-shop/app/views/Page/view.php | Файл: W:\domains\b-shop\vendor\bshop\core\base\View.php | Строка: 39
 -------------------
[2018-08-05 19:59:39] Текст ошибки: Страница не найдена | Файл: W:\domains\b-shop\vendor\bshop\core\Router.php | Строка: 41
 -------------------
[2018-08-05 20:00:19] Текст ошибки: Не найден вид W:\domains\b-shop/app/views/Page/view.php | Файл: W:\domains\b-shop\vendor\bshop\core\base\View.php | Строка: 39
 -------------------
[2018-08-05 20:00:19] Текст ошибки: Страница не найдена | Файл: W:\domains\b-shop\vendor\bshop\core\Router.php | Строка: 41
 -------------------
